Release 14.6 - xst P.68d (nt64)
Copyright (c) 1995-2013 Xilinx, Inc.  All rights reserved.
--> Parameter TMPDIR set to xst/projnav.tmp


Total REAL time to Xst completion: 1.00 secs
Total CPU time to Xst completion: 0.43 secs
 
--> Parameter xsthdpdir set to xst


Total REAL time to Xst completion: 1.00 secs
Total CPU time to Xst completion: 0.44 secs
 
--> Reading design: des13x40.prj

TABLE OF CONTENTS
  1) Synthesis Options Summary
  2) HDL Parsing
  3) HDL Elaboration
  4) HDL Synthesis
       4.1) HDL Synthesis Report
  5) Advanced HDL Synthesis
       5.1) Advanced HDL Synthesis Report
  6) Low Level Synthesis
  7) Partition Report
  8) Design Summary
       8.1) Primitive and Black Box Usage
       8.2) Device utilization summary
       8.3) Partition Resource Summary
       8.4) Timing Report
            8.4.1) Clock Information
            8.4.2) Asynchronous Control Signals Information
            8.4.3) Timing Summary
            8.4.4) Timing Details
            8.4.5) Cross Clock Domains Report


=========================================================================
*                      Synthesis Options Summary                        *
=========================================================================
---- Source Parameters
Input File Name                    : "des13x40.prj"
Ignore Synthesis Constraint File   : NO

---- Target Parameters
Output File Name                   : "des13x40"
Output Format                      : NGC
Target Device                      : xc7a100t-3-csg324

---- Source Options
Top Module Name                    : des13x40
Automatic FSM Extraction           : YES
FSM Encoding Algorithm             : Auto
Safe Implementation                : No
FSM Style                          : LUT
RAM Extraction                     : Yes
RAM Style                          : Auto
ROM Extraction                     : Yes
Shift Register Extraction          : YES
ROM Style                          : Auto
Resource Sharing                   : YES
Asynchronous To Synchronous        : NO
Shift Register Minimum Size        : 2
Use DSP Block                      : Auto
Automatic Register Balancing       : No

---- Target Options
LUT Combining                      : Auto
Reduce Control Sets                : Auto
Add IO Buffers                     : YES
Global Maximum Fanout              : 100000
Add Generic Clock Buffer(BUFG)     : 32
Register Duplication               : YES
Optimize Instantiated Primitives   : NO
Use Clock Enable                   : Auto
Use Synchronous Set                : Auto
Use Synchronous Reset              : Auto
Pack IO Registers into IOBs        : Auto
Equivalent register Removal        : YES

---- General Options
Optimization Goal                  : Speed
Optimization Effort                : 1
Power Reduction                    : NO
Keep Hierarchy                     : No
Netlist Hierarchy                  : As_Optimized
RTL Output                         : Yes
Global Optimization                : AllClockNets
Read Cores                         : YES
Write Timing Constraints           : NO
Cross Clock Analysis               : NO
Hierarchy Separator                : /
Bus Delimiter                      : <>
Case Specifier                     : Maintain
Slice Utilization Ratio            : 100
BRAM Utilization Ratio             : 100
DSP48 Utilization Ratio            : 100
Auto BRAM Packing                  : NO
Slice Utilization Ratio Delta      : 5

=========================================================================


=========================================================================
*                          HDL Parsing                                  *
=========================================================================
Analyzing Verilog file "C:\Windows\System32\Des13-40\des13x40.v" into library work
Parsing module <des13x40>.

=========================================================================
*                            HDL Elaboration                            *
=========================================================================

Elaborating module <des13x40>.
WARNING:HDLCompiler:413 - "C:\Windows\System32\Des13-40\des13x40.v" Line 40: Result of 4-bit expression is truncated to fit in 3-bit target.

=========================================================================
*                           HDL Synthesis                               *
=========================================================================

Synthesizing Unit <des13x40>.
    Related source file is "C:\Windows\System32\Des13-40\des13x40.v".
    Found 1-bit register for signal <Dout<39>>.
    Found 1-bit register for signal <Dout<38>>.
    Found 1-bit register for signal <Dout<37>>.
    Found 1-bit register for signal <Dout<36>>.
    Found 1-bit register for signal <Dout<35>>.
    Found 1-bit register for signal <Dout<34>>.
    Found 1-bit register for signal <Dout<33>>.
    Found 1-bit register for signal <Dout<32>>.
    Found 1-bit register for signal <Dout<31>>.
    Found 1-bit register for signal <Dout<30>>.
    Found 1-bit register for signal <Dout<29>>.
    Found 1-bit register for signal <Dout<28>>.
    Found 1-bit register for signal <Dout<27>>.
    Found 1-bit register for signal <Dout<26>>.
    Found 1-bit register for signal <Dout<25>>.
    Found 1-bit register for signal <Dout<24>>.
    Found 1-bit register for signal <Dout<23>>.
    Found 1-bit register for signal <Dout<22>>.
    Found 1-bit register for signal <Dout<21>>.
    Found 1-bit register for signal <Dout<20>>.
    Found 1-bit register for signal <Dout<19>>.
    Found 1-bit register for signal <Dout<18>>.
    Found 1-bit register for signal <Dout<17>>.
    Found 1-bit register for signal <Dout<16>>.
    Found 1-bit register for signal <Dout<15>>.
    Found 1-bit register for signal <Dout<14>>.
    Found 1-bit register for signal <Dout<13>>.
    Found 1-bit register for signal <Dout<12>>.
    Found 1-bit register for signal <Dout<11>>.
    Found 1-bit register for signal <Dout<10>>.
    Found 1-bit register for signal <Dout<9>>.
    Found 1-bit register for signal <Dout<8>>.
    Found 1-bit register for signal <Dout<7>>.
    Found 1-bit register for signal <Dout<6>>.
    Found 1-bit register for signal <Dout<5>>.
    Found 1-bit register for signal <Dout<4>>.
    Found 1-bit register for signal <Dout<3>>.
    Found 1-bit register for signal <Dout<2>>.
    Found 1-bit register for signal <Dout<1>>.
    Found 1-bit register for signal <Dout<0>>.
    Found 3-bit register for signal <cnt>.
    Found 1-bit register for signal <WE>.
    Found 3-bit adder for signal <_n0065> created at line 40.
    Found 40-bit 4-to-1 multiplexer for signal <_n0073> created at line 34.
    Summary:
	inferred   1 Adder/Subtractor(s).
	inferred  44 D-type flip-flop(s).
	inferred   2 Multiplexer(s).
Unit <des13x40> synthesized.

=========================================================================
HDL Synthesis Report

Macro Statistics
# Adders/Subtractors                                   : 1
 3-bit adder                                           : 1
# Registers                                            : 3
 1-bit register                                        : 1
 3-bit register                                        : 1
 40-bit register                                       : 1
# Multiplexers                                         : 2
 40-bit 2-to-1 multiplexer                             : 1
 40-bit 4-to-1 multiplexer                             : 1

=========================================================================

=========================================================================
*                       Advanced HDL Synthesis                          *
=========================================================================


Synthesizing (advanced) Unit <des13x40>.
The following registers are absorbed into counter <cnt>: 1 register on signal <cnt>.
Unit <des13x40> synthesized (advanced).

=========================================================================
Advanced HDL Synthesis Report

Macro Statistics
# Adders/Subtractors                                   : 1
 3-bit adder                                           : 1
# Counters                                             : 1
 3-bit up counter                                      : 1
# Registers                                            : 41
 Flip-Flops                                            : 41
# Multiplexers                                         : 2
 40-bit 2-to-1 multiplexer                             : 1
 40-bit 4-to-1 multiplexer                             : 1

=========================================================================

=========================================================================
*                         Low Level Synthesis                           *
=========================================================================
WARNING:Xst:1710 - FF/Latch <Dout_39> (without init value) has a constant value of 0 in block <des13x40>. This FF/Latch will be trimmed during the optimization process.

Optimizing unit <des13x40> ...
WARNING:Xst:1293 - FF/Latch <cnt_2> has a constant value of 0 in block <des13x40>. This FF/Latch will be trimmed during the optimization process.

Mapping all equations...
Building and optimizing final netlist ...
Found area constraint ratio of 100 (+ 5) on block des13x40, actual ratio is 0.

Final Macro Processing ...

=========================================================================
Final Register Report

Macro Statistics
# Registers                                            : 42
 Flip-Flops                                            : 42

=========================================================================

=========================================================================
*                           Partition Report                            *
=========================================================================

Partition Implementation Status
-------------------------------

  No Partitions were found in this design.

-------------------------------

=========================================================================
*                            Design Summary                             *
=========================================================================

Top Level Output File Name         : des13x40.ngc

Primitive and Black Box Usage:
------------------------------
# BELS                             : 43
#      GND                         : 1
#      INV                         : 1
#      LUT2                        : 2
#      LUT4                        : 39
# FlipFlops/Latches                : 42
#      FD                          : 42
# Clock Buffers                    : 1
#      BUFGP                       : 1
# IO Buffers                       : 57
#      IBUF                        : 13
#      OBUF                        : 44

Device utilization summary:
---------------------------

Selected Device : 7a100tcsg324-3 


Slice Logic Utilization: 
 Number of Slice Registers:              42  out of  126800     0%  
 Number of Slice LUTs:                   42  out of  63400     0%  
    Number used as Logic:                42  out of  63400     0%  

Slice Logic Distribution: 
 Number of LUT Flip Flop pairs used:     42
   Number with an unused Flip Flop:       0  out of     42     0%  
   Number with an unused LUT:             0  out of     42     0%  
   Number of fully used LUT-FF pairs:    42  out of     42   100%  
   Number of unique control sets:         1

IO Utilization: 
 Number of IOs:                          58
 Number of bonded IOBs:                  58  out of    210    27%  

Specific Feature Utilization:
 Number of BUFG/BUFGCTRLs:                1  out of     32     3%  

---------------------------
Partition Resource Summary:
---------------------------

  No Partitions were found in this design.

---------------------------


=========================================================================
Timing Report

NOTE: THESE TIMING NUMBERS ARE ONLY A SYNTHESIS ESTIMATE.
      FOR ACCURATE TIMING INFORMATION PLEASE REFER TO THE TRACE REPORT
      GENERATED AFTER PLACE-and-ROUTE.

Clock Information:
------------------
-----------------------------------+------------------------+-------+
Clock Signal                       | Clock buffer(FF name)  | Load  |
-----------------------------------+------------------------+-------+
Cin                                | BUFGP                  | 42    |
-----------------------------------+------------------------+-------+

Asynchronous Control Signals Information:
----------------------------------------
No asynchronous control signals found in this design

Timing Summary:
---------------
Speed Grade: -3

   Minimum period: 1.149ns (Maximum Frequency: 870.278MHz)
   Minimum input arrival time before clock: 0.672ns
   Maximum output required time after clock: 0.749ns
   Maximum combinational path delay: No path found

Timing Details:
---------------
All values displayed in nanoseconds (ns)

=========================================================================
Timing constraint: Default period analysis for Clock 'Cin'
  Clock period: 1.149ns (frequency: 870.278MHz)
  Total number of paths / destination ports: 122 / 42
-------------------------------------------------------------------------
Delay:               1.149ns (Levels of Logic = 1)
  Source:            cnt_0 (FF)
  Destination:       cnt_0 (FF)
  Source Clock:      Cin rising
  Destination Clock: Cin rising

  Data Path: cnt_0 to cnt_0
                                Gate     Net
    Cell:in->out      fanout   Delay   Delay  Logical Name (Net Name)
    ----------------------------------------  ------------
     FD:C->Q              43   0.361   0.388  cnt_0 (cnt_0)
     INV:I->O              1   0.113   0.279  cnt_0_rstpot_INV_0 (cnt_0_rstpot)
     FD:D                      0.008          cnt_0
    ----------------------------------------
    Total                      1.149ns (0.482ns logic, 0.667ns route)
                                       (41.9% logic, 58.1% route)

=========================================================================
Timing constraint: Default OFFSET IN BEFORE for Clock 'Cin'
  Total number of paths / destination ports: 39 / 39
-------------------------------------------------------------------------
Offset:              0.672ns (Levels of Logic = 2)
  Source:            Din<0> (PAD)
  Destination:       Dout_0 (FF)
  Destination Clock: Cin rising

  Data Path: Din<0> to Dout_0
                                Gate     Net
    Cell:in->out      fanout   Delay   Delay  Logical Name (Net Name)
    ----------------------------------------  ------------
     IBUF:I->O             3   0.001   0.566  Din_0_IBUF (Din_0_IBUF)
     LUT4:I0->O            1   0.097   0.000  Mmux_cnt[2]_Dout[39]_select_5_OUT111 (cnt[2]_Dout[39]_select_5_OUT<0>)
     FD:D                      0.008          Dout_0
    ----------------------------------------
    Total                      0.672ns (0.106ns logic, 0.566ns route)
                                       (15.8% logic, 84.2% route)

=========================================================================
Timing constraint: Default OFFSET OUT AFTER for Clock 'Cin'
  Total number of paths / destination ports: 42 / 42
-------------------------------------------------------------------------
Offset:              0.749ns (Levels of Logic = 1)
  Source:            cnt_0 (FF)
  Destination:       cnt<0> (PAD)
  Source Clock:      Cin rising

  Data Path: cnt_0 to cnt<0>
                                Gate     Net
    Cell:in->out      fanout   Delay   Delay  Logical Name (Net Name)
    ----------------------------------------  ------------
     FD:C->Q              43   0.361   0.388  cnt_0 (cnt_0)
     OBUF:I->O                 0.000          cnt_0_OBUF (cnt<0>)
    ----------------------------------------
    Total                      0.749ns (0.361ns logic, 0.388ns route)
                                       (48.2% logic, 51.8% route)

=========================================================================

Cross Clock Domains Report:
--------------------------

Clock to Setup on destination clock Cin
---------------+---------+---------+---------+---------+
               | Src:Rise| Src:Fall| Src:Rise| Src:Fall|
Source Clock   |Dest:Rise|Dest:Rise|Dest:Fall|Dest:Fall|
---------------+---------+---------+---------+---------+
Cin            |    1.149|         |         |         |
---------------+---------+---------+---------+---------+

=========================================================================


Total REAL time to Xst completion: 31.00 secs
Total CPU time to Xst completion: 30.34 secs
 
--> 

Total memory usage is 4726860 kilobytes

Number of errors   :    0 (   0 filtered)
Number of warnings :    3 (   0 filtered)
Number of infos    :    0 (   0 filtered)

